1178 236743 236812 47041 3794
239122 22744 535

236743
138
139
255968
107
108
109
255968 107
9259 1902
26352 1902
9259 4109
26352 4109
26352 4109 236888
9259 236764 1902 236888
26352 236764 1902 236888
672 563 236743 478 397 404 391 236761 12362
236765 236771 236812 236828 236743 236832 11372 12065 31806 3405 9360
1337 12515 1333 4632 165543 3830
234889 63031 219876 66212 239077 237907 144494
242015 568 7382 236768 236743 247717 237243 248989 238178 568 43819 111730 150567 236768 113452 568 8960 64334 600 815 1061 1852 8369 236768
9259
26352
138 9259
139 9259
140 9259
140 9259 107 140 9259
568
107 578
236789 6933
9259 236764 570 236789 712 236888 2088 659 611 170124 2360 62133 237075 17641 11700 236770 236800 236770 236812 236770 236810 236770 237471 238352
123947
236800
236800 236800
236800 236800 236800
236800 236800 236800 236800
236800 236800 236800 236800 236800
236800 236800 236800 236800 236800 236800
236800 236800 236800 236800 236800 236800 236800
236800 236800 236800 236800 236800 236800 236800 236800
236800 236800 236800 236800 236800 236800 236800 236800 236800
236780 29719 33154
2243 2206
107 236743 108 236743 109 236743 255968 236743 255969 236743 255968 107 138 107 139 107 140 107 141 107 242015 568 7382 236768 236743 247717 237243 248989 238178 568 43819 111730 150567 236768 113452 236743 478 397 404 391 478 397 404 391 236743 236800 236743 236800 236800 236743 236800 236800 236800 236743 236800 236800 236800 236800 236743 236800 236800 236800 236800 236800 236743 236800 236800 236800 236800 236800 236800 236743 236800 236800 236800 236800 236800 236800 236800 236743 236800 236800 236800 236800 236800 236800 236800 236800 236743 236800 236761 236800 236743 236800 856 236800 236743 236800 1390 236800 90986 92814 63031 219876 66212 241702 2360 62133 237075 17641 11700 236770 236800 236770 236812 236770 236810 236770 237471 238352 80448 120697 210119 1333 4632 165543 3830 9451 159561 2629 2629 2717 84491 19938 123947 38950 10371 564 236789 560 1010 756 151812 668 236789 236751 993 236764 756 1357 611 2889 236881 756 236792 711 2889 564 236789 859 1386 625 236764 756 236796 611 1133 1070 11115 236881 1191 236789 32541 496 236789 95635
